  Utilities.cpp
  test.cpp
  Student.cpp
c:\users\ccsduser\documents\visual studio 2017\projects\project1\project1\vector.hpp(55): warning C4018: '<': signed/unsigned mismatch
  c:\users\ccsduser\documents\visual studio 2017\projects\project1\project1\vector.hpp(53): note: while compiling class template member function 'void Vector<int>::debug(void)'
  c:\users\ccsduser\documents\visual studio 2017\projects\project1\project1\student.cpp(12): note: see reference to function template instantiation 'void Vector<int>::debug(void)' being compiled
  c:\users\ccsduser\documents\visual studio 2017\projects\project1\project1\student.hpp(16): note: see reference to class template instantiation 'Vector<int>' being compiled
  maincpp.cpp
c:\users\ccsduser\documents\visual studio 2017\projects\project1\project1\test.hpp(3): error C2143: syntax error: missing ';' before 'using namespace'
c:\users\ccsduser\documents\visual studio 2017\projects\project1\project1\string.hpp(37): warning C4018: '<=': signed/unsigned mismatch
c:\users\ccsduser\documents\visual studio 2017\projects\project1\project1\string.hpp(44): error C2883: 'strchr': function declaration conflicts with 'strchr' introduced by using-declaration
  c:\program files (x86)\microsoft visual studio\2017\professional\vc\tools\msvc\14.10.25017\include\vcruntime_string.h(67): note: see declaration of 'strchr'
c:\users\ccsduser\documents\visual studio 2017\projects\project1\project1\string.hpp(59): error C2065: 'ar': undeclared identifier
c:\users\ccsduser\documents\visual studio 2017\projects\project1\project1\string.hpp(59): error C2541: 'delete': cannot delete objects that are not pointers
  Generating Code...
